11:03:33 [INFO] Device: cpu
11:03:33 [INFO] Loading data...
11:03:35 [INFO] Total samples: 864,196, features: 124
11:03:36 [INFO] Valid campaignsets: 265
11:03:36 [INFO] Meta-train tasks: 212, Meta-test tasks: 53
11:03:40 [INFO] Pre-training global model...
11:03:58 [INFO] [Global] epoch=1 loss=0.2186
11:03:58 [INFO] Meta-training MAML...
11:03:58 [INFO] [MAML] meta_epochs=50, inner_steps=5, inner_lr=0.01
11:04:01 [INFO] [MAML] epoch=10/50 outer_loss=0.2082
11:04:04 [INFO] [MAML] epoch=20/50 outer_loss=0.3837
11:04:07 [INFO] [MAML] epoch=30/50 outer_loss=0.4982
11:04:09 [INFO] [MAML] epoch=40/50 outer_loss=0.6052
11:04:12 [INFO] [MAML] epoch=50/50 outer_loss=0.4040
11:04:12 [INFO] Meta-training ANIL...
11:04:12 [INFO] [ANIL] meta_epochs=50
11:04:14 [INFO] [ANIL] epoch=10/50 outer_loss=0.4364
11:04:15 [INFO] [ANIL] epoch=20/50 outer_loss=0.3567
11:04:17 [INFO] [ANIL] epoch=30/50 outer_loss=0.3332
11:04:18 [INFO] [ANIL] epoch=40/50 outer_loss=0.2323
11:04:20 [INFO] [ANIL] epoch=50/50 outer_loss=0.6114
11:04:20 [INFO] 
==================================================
K = 10
11:04:21 [INFO]   Global (no adapt): AUC=0.7251
11:04:26 [INFO]   Pretrain+FT: AUC=0.6095
11:04:30 [INFO]   MAML: AUC=0.4727
11:04:33 [INFO]   ANIL: AUC=0.5139
11:04:33 [INFO] 
==================================================
K = 50
11:04:34 [INFO]   Global (no adapt): AUC=0.7251
11:04:39 [INFO]   Pretrain+FT: AUC=0.6559
11:04:42 [INFO]   MAML: AUC=0.4755
11:04:45 [INFO]   ANIL: AUC=0.5141
11:04:45 [INFO] 
==================================================
K = 100
11:04:46 [INFO]   Global (no adapt): AUC=0.7251
11:04:54 [INFO]   Pretrain+FT: AUC=0.6707
11:04:58 [INFO]   MAML: AUC=0.4794
11:05:00 [INFO]   ANIL: AUC=0.5141
11:05:00 [INFO] 
==================================================
K = 500
11:05:02 [INFO]   Global (no adapt): AUC=0.7251
11:05:24 [INFO]   Pretrain+FT: AUC=0.6896
11:05:27 [INFO]   MAML: AUC=0.4796
11:05:30 [INFO]   ANIL: AUC=0.5138
11:05:30 [INFO] 
==================================================
K = 1000
11:05:31 [INFO]   Global (no adapt): AUC=0.7251
11:06:07 [INFO]   Pretrain+FT: AUC=0.6814
11:06:11 [INFO]   MAML: AUC=0.4800
11:06:14 [INFO]   ANIL: AUC=0.5144
11:06:14 [INFO] Results saved to /mnt/workspace/open_research/autoresearch/exp_meta_coldstart/results/exp_003_kshot.md
