=== mlora_rank4_user_cl0.1 ===
Params: 5,012,353
  batch 0/399, loss=355564.4688
  batch 50/399, loss=1128091.0000
  batch 100/399, loss=207527.2031
  batch 150/399, loss=123286.2578
  batch 200/399, loss=143361.1406
  batch 250/399, loss=41837.0625
  batch 300/399, loss=37991.0508
  batch 350/399, loss=37739.0547
Traceback (most recent call last):
  File "<stdin>", line 110, in <module>
  File "/usr/local/lib/python3.11/dist-packages/torch/nn/modules/module.py", line 1518, in _wrapped_call_impl
    return self._call_impl(*args, **kwargs)
           ^^^^^^^^^^^^^^^^^^^^^^^^^^^^^^^^
  File "/usr/local/lib/python3.11/dist-packages/torch/nn/modules/module.py", line 1527, in _call_impl
    return forward_call(*args, **kwargs)
           ^^^^^^^^^^^^^^^^^^^^^^^^^^^^^
  File "<stdin>", line 74, in forward
  File "<stdin>", line 74, in <listcomp>
  File "/usr/local/lib/python3.11/dist-packages/torch/nn/modules/module.py", line 1518, in _wrapped_call_impl
    return self._call_impl(*args, **kwargs)
           ^^^^^^^^^^^^^^^^^^^^^^^^^^^^^^^^
  File "/usr/local/lib/python3.11/dist-packages/torch/nn/modules/module.py", line 1527, in _call_impl
    return forward_call(*args, **kwargs)
           ^^^^^^^^^^^^^^^^^^^^^^^^^^^^^
  File "<stdin>", line 62, in forward
  File "/usr/local/lib/python3.11/dist-packages/torch/nn/modules/module.py", line 1518, in _wrapped_call_impl
    return self._call_impl(*args, **kwargs)
           ^^^^^^^^^^^^^^^^^^^^^^^^^^^^^^^^
  File "/usr/local/lib/python3.11/dist-packages/torch/nn/modules/module.py", line 1527, in _call_impl
    return forward_call(*args, **kwargs)
           ^^^^^^^^^^^^^^^^^^^^^^^^^^^^^
  File "<stdin>", line 52, in forward
  File "/usr/local/lib/python3.11/dist-packages/torch/nn/modules/module.py", line 1518, in _wrapped_call_impl
    return self._call_impl(*args, **kwargs)
           ^^^^^^^^^^^^^^^^^^^^^^^^^^^^^^^^
  File "/usr/local/lib/python3.11/dist-packages/torch/nn/modules/module.py", line 1527, in _call_impl
    return forward_call(*args, **kwargs)
           ^^^^^^^^^^^^^^^^^^^^^^^^^^^^^
  File "/usr/local/lib/python3.11/dist-packages/torch/nn/modules/sparse.py", line 162, in forward
    return F.embedding(
           ^^^^^^^^^^^^
  File "/usr/local/lib/python3.11/dist-packages/torch/nn/functional.py", line 2233, in embedding
    return torch.embedding(weight, input, padding_idx, scale_grad_by_freq, sparse)
           ^^^^^^^^^^^^^^^^^^^^^^^^^^^^^^^^^^^^^^^^^^^^^^^^^^^^^^^^^^^^^^^^^^^^^^^
RuntimeError: Expected tensor for argument #1 'indices' to have one of the following scalar types: Long, Int; but got torch.FloatTensor instead (while checking arguments for embedding)
