============================================================
data_raw 续跑实验（从 mlora_rank12 开始）
============================================================

加载数据...
训练: 3,265,331, 测试: 1,231,453
str_feat=23, num_feat=101, n_domains=19

============================================================
训练: mlora_rank12
============================================================
参数量: 6,466,891
Overall AUC: 0.7705

============================================================
训练: user_contrastive
============================================================
参数量: 5,012,555
Overall AUC: 0.7873

============================================================
训练: mlora_rank4_user_cl0.1
============================================================
参数量: 5,012,555
