Device: cuda
============================================================
data_raw 全实验 GPU 版（共10个配置）
============================================================

加载数据...
训练: 3,265,331, 测试: 1,231,453
str_feat=23, num_feat=101, n_domains=19

============================================================
训练: baseline
============================================================
参数量: 4,387,307
Overall AUC: 0.8419

============================================================
训练: bt_contrastive_cw0.1
============================================================
参数量: 4,387,307
Overall AUC: 0.8408

============================================================
训练: bt_contrastive_cw0.05
============================================================
参数量: 4,387,307
Overall AUC: 0.8443

============================================================
训练: augment_contrastive_cw0.1
============================================================
参数量: 4,387,307
