Device: cpu
加载数据...
训练集: 2,728,570, 测试集: 992,085, 特征数: 124
Vocab sizes: min=5000, max=5000

模型参数量: 20,889,857

开始训练 1 epoch...
  batch 0/334: loss=0.7740, avg=0.7740
  batch 200/334: loss=0.2580, avg=0.2887

训练完成, avg_loss=0.2763, 总 batch=334

评估...

============================================================
Overall AUC: 0.5786
============================================================
  [shein] AUC=0.4985  n=152,003  pos=526  rate=0.3500%
  [aecps] AUC=0.5336  n=127,931  pos=4,812  rate=3.7600%
  [aedsp] AUC=0.5062  n=130,231  pos=1,391  rate=1.0700%
  [aerta] AUC=0.5317  n=36,395  pos=1,037  rate=2.8500%
  [lazada_cps] AUC=0.5446  n=122,419  pos=8,901  rate=7.2700%
  [lazada_rta] AUC=0.5455  n=52,461  pos=5,159  rate=9.8300%
  [shopee_cps] AUC=0.5351  n=370,645  pos=48,033  rate=12.9600%

结果已保存: /mnt/workspace/open_research/autoresearch/ivr_ssl_cvr/results/data_v3_baseline.json
报告已保存: /mnt/workspace/open_research/autoresearch/ivr_ssl_cvr/results/data_v3_baseline.md
