============================================================
data_raw 全实验（共10个配置）
============================================================

加载数据...
训练: 3,265,331, 测试: 1,231,453
str_feat=23, num_feat=101, n_domains=19

============================================================
训练: baseline
============================================================
参数量: 4,387,307
Overall AUC: 0.8434

============================================================
训练: bt_contrastive_cw0.1
============================================================
参数量: 4,387,307
Overall AUC: 0.7720

============================================================
训练: bt_contrastive_cw0.05
============================================================
参数量: 4,387,307
Overall AUC: 0.7667

============================================================
训练: augment_contrastive_cw0.1
============================================================
参数量: 4,387,307
Traceback (most recent call last):
  File "/mnt/workspace/open_research/autoresearch/ivr_ssl_cvr/scripts/run_all_exp_v2.py", line 447, in <module>
    main()
  File "/mnt/workspace/open_research/autoresearch/ivr_ssl_cvr/scripts/run_all_exp_v2.py", line 397, in main
    train_fn(model)
  File "/mnt/workspace/open_research/autoresearch/ivr_ssl_cvr/scripts/run_all_exp_v2.py", line 354, in <lambda>
    lambda m: train_augment_contrastive(m, train_dl, DEVICE, cl_weight=0.1, epochs=1), False,
              ^^^^^^^^^^^^^^^^^^^^^^^^^^^^^^^^^^^^^^^^^^^^^^^^^^^^^^^^^^^^^^^^^^^^^^^
  File "/mnt/workspace/open_research/autoresearch/ivr_ssl_cvr/scripts/run_all_exp_v2.py", line 275, in train_augment_contrastive
    repr2 = model.get_repr(aug_feat)
            ^^^^^^^^^^^^^^^^^^^^^^^^
  File "/mnt/workspace/open_research/autoresearch/ivr_ssl_cvr/scripts/run_all_exp_v2.py", line 70, in get_repr
    num_vals = torch.stack([x_dict[f] for f in self.num_features], dim=-1)
                           ^^^^^^^^^^^^^^^^^^^^^^^^^^^^^^^^^^^^^^
  File "/mnt/workspace/open_research/autoresearch/ivr_ssl_cvr/scripts/run_all_exp_v2.py", line 70, in <listcomp>
    num_vals = torch.stack([x_dict[f] for f in self.num_features], dim=-1)
                            ~~~~~~^^^
KeyError: 'duf_inner_dev_pkg_atc_11_30d'
