============================================================
data_raw 续跑实验（从 augment_contrastive 开始）
============================================================

加载数据...
训练: 3,265,331, 测试: 1,231,453
str_feat=23, num_feat=101, n_domains=19

============================================================
训练: augment_contrastive_cw0.1
============================================================
参数量: 4,387,307
Overall AUC: 0.7727

============================================================
训练: mlora_rank4
============================================================
参数量: 5,012,555
Overall AUC: 0.7850

============================================================
训练: mlora_rank8
============================================================
参数量: 5,739,723
Overall AUC: 0.7807

============================================================
训练: mlora_rank12
============================================================
参数量: 6,466,891
