============================================================
data_raw 全实验
============================================================

加载数据...
训练: 3,265,331, 测试: 1,231,453
str_feat=23, num_feat=101, n_domains=19

============================================================
训练: baseline
============================================================
参数量: 4,387,307
Overall AUC: 0.8449

============================================================
训练: mlora_rank8
============================================================
参数量: 5,739,723
Overall AUC: 0.7638

============================================================
训练: mlora_rank12
============================================================
参数量: 6,466,891
Overall AUC: 0.7363

============================================================
训练: user_contrastive
============================================================
参数量: 5,012,555
