============================================================
预处理 ivr_sample_v16_ctcvr（全类别特征）
============================================================
训练集: 1 files
测试集: 1 files

[1/4] 扫描数据确定 vocab_sizes...
特征数: 124
vocab_sizes: min=3, max=42856
business_type: 19 classes

[2/4] 处理训练集...
Train:   0%|                                                                                                                                                                           | 0/1 [00:00<?, ?it/s]Train: 100%|██████████████████████████████████████████████████████████████████████████████████████████████████████████████████████████████████████████████████████████████████| 1/1 [02:44<00:00, 164.36s/it]Train: 100%|██████████████████████████████████████████████████████████████████████████████████████████████████████████████████████████████████████████████████████████████████| 1/1 [02:44<00:00, 164.36s/it]
训练集: 3,265,331 行, 正率 11.3720%

[3/4] 处理测试集...
Test:   0%|                                                                                                                                                                            | 0/1 [00:00<?, ?it/s]Test: 100%|████████████████████████████████████████████████████████████████████████████████████████████████████████████████████████████████████████████████████████████████████| 1/1 [01:01<00:00, 61.63s/it]Test: 100%|████████████████████████████████████████████████████████████████████████████████████████████████████████████████████████████████████████████████████████████████████| 1/1 [01:01<00:00, 61.63s/it]
测试集: 1,231,453 行, 正率 11.1411%

[4/4] 写入 parquet...

完成!
  训练集: /mnt/workspace/open_research/autoresearch/ivr_ssl_cvr/data_all_cat/train.parquet (0.2GB)
  测试集: /mnt/workspace/open_research/autoresearch/ivr_ssl_cvr/data_all_cat/test.parquet (0.1GB)
  vocab_sizes: {'adid': 11637, 'adsize': 4333, 'adx': 46, 'bundle': 30648, 'campaignid': 4441, 'campaignsetid': 1054, 'carrier': 8191, 'city': 42856, 'connectiontype': 10, 'country': 47, 'country-hour': 1102, 'demand_pkgname': 13, 'devicetype': 9, 'duf_inner_dev_pkg_atc_11_30d': 17, 'duf_inner_dev_pkg_atc_180d': 17, 'duf_inner_dev_pkg_atc_30d': 60, 'duf_inner_dev_pkg_atc_31_60d': 17, 'duf_inner_dev_pkg_atc_4_10d': 17, 'duf_inner_dev_pkg_atc_60d': 17, 'duf_inner_dev_pkg_atc_61_180d': 17, 'duf_inner_dev_pkg_atc_90d': 17, 'duf_inner_dev_pkg_cv_15d': 65, 'duf_inner_dev_pkg_cv_30d': 71, 'duf_inner_dev_pkg_cv_3d': 58, 'duf_inner_dev_pkg_cv_7d': 61, 'duf_inner_dev_pkg_imp_11_30d': 17, 'duf_inner_dev_pkg_imp_15d': 71, 'duf_inner_dev_pkg_imp_30d': 76, 'duf_inner_dev_pkg_imp_31_60d': 17, 'duf_inner_dev_pkg_imp_3d': 62, 'duf_inner_dev_pkg_imp_4_10d': 17, 'duf_inner_dev_pkg_imp_7d': 68, 'duf_inner_dev_pkg_imp_bucket_15d': 13, 'duf_inner_dev_pkg_imp_bucket_3d': 13, 'duf_inner_dev_pkg_imp_bucket_7d': 13, 'duf_inner_dev_pkg_open_11_30d': 17, 'duf_inner_dev_pkg_open_180d': 17, 'duf_inner_dev_pkg_open_31_60d': 17, 'duf_inner_dev_pkg_open_4_10d': 17, 'duf_inner_dev_pkg_open_60d': 17, 'duf_inner_dev_pkg_open_61_180d': 17, 'duf_inner_dev_pkg_open_90d': 17, 'duf_inner_dev_pkg_pur_11_30d': 17, 'duf_inner_dev_pkg_pur_15d': 47, 'duf_inner_dev_pkg_pur_180d': 17, 'duf_inner_dev_pkg_pur_30d': 51, 'duf_inner_dev_pkg_pur_31_60d': 17, 'duf_inner_dev_pkg_pur_3d': 39, 'duf_inner_dev_pkg_pur_4_10d': 17, 'duf_inner_dev_pkg_pur_60d': 17, 'duf_inner_dev_pkg_pur_61_180d': 17, 'duf_inner_dev_pkg_pur_7d': 42, 'duf_inner_dev_pkg_pur_90d': 17, 'duf_inner_dev_pkg_pur_bucket_15d': 13, 'duf_inner_dev_pkg_pur_bucket_3d': 13, 'duf_inner_dev_pkg_pur_bucket_7d': 13, 'duf_inner_dev_pkg_re_15d': 66, 'duf_inner_dev_pkg_re_30d': 72, 'duf_inner_dev_pkg_re_3d': 58, 'duf_inner_dev_pkg_re_7d': 62, 'duf_inner_dev_pkg_re_bucket_15d': 13, 'duf_inner_dev_pkg_re_bucket_3d': 13, 'duf_inner_dev_pkg_re_bucket_7d': 13, 'duf_outer_dev_pkg_atc_11_30d': 17, 'duf_outer_dev_pkg_atc_15d': 12, 'duf_outer_dev_pkg_atc_180d': 17, 'duf_outer_dev_pkg_atc_1d': 12, 'duf_outer_dev_pkg_atc_30d': 70, 'duf_outer_dev_pkg_atc_31_60d': 17, 'duf_outer_dev_pkg_atc_3d': 12, 'duf_outer_dev_pkg_atc_4_10d': 17, 'duf_outer_dev_pkg_atc_60d': 76, 'duf_outer_dev_pkg_atc_61_180d': 17, 'duf_outer_dev_pkg_atc_7d': 12, 'duf_outer_dev_pkg_atc_90d': 79, 'duf_outer_dev_pkg_cv_15d': 12, 'duf_outer_dev_pkg_cv_1d': 12, 'duf_outer_dev_pkg_cv_30d': 87, 'duf_outer_dev_pkg_cv_3d': 12, 'duf_outer_dev_pkg_cv_60d': 93, 'duf_outer_dev_pkg_cv_7d': 12, 'duf_outer_dev_pkg_cv_90d': 96, 'duf_outer_dev_pkg_open_11_30d': 17, 'duf_outer_dev_pkg_open_180d': 17, 'duf_outer_dev_pkg_open_31_60d': 17, 'duf_outer_dev_pkg_open_4_10d': 17, 'duf_outer_dev_pkg_open_61_180d': 17, 'duf_outer_dev_pkg_pur_11_30d': 17, 'duf_outer_dev_pkg_pur_15d': 12, 'duf_outer_dev_pkg_pur_180d': 17, 'duf_outer_dev_pkg_pur_1d': 12, 'duf_outer_dev_pkg_pur_30d': 12, 'duf_outer_dev_pkg_pur_31_60d': 17, 'duf_outer_dev_pkg_pur_3d': 12, 'duf_outer_dev_pkg_pur_4_10d': 17, 'duf_outer_dev_pkg_pur_60d': 12, 'duf_outer_dev_pkg_pur_61_180d': 17, 'duf_outer_dev_pkg_pur_7d': 12, 'duf_outer_dev_pkg_pur_90d': 12, 'duf_outer_dev_pkg_view_11_30d': 17, 'duf_outer_dev_pkg_view_180d': 17, 'duf_outer_dev_pkg_view_31_60d': 17, 'duf_outer_dev_pkg_view_4_10d': 17, 'duf_outer_dev_pkg_view_61_180d': 17, 'huf_deviceid_demand_pkgname_gmv_24h': 152, 'huf_deviceid_demand_pkgname_imp_12h': 13, 'huf_deviceid_demand_pkgname_imp_1h': 13, 'huf_deviceid_demand_pkgname_imp_24h': 13, 'huf_deviceid_demand_pkgname_imp_3h': 13, 'huf_deviceid_demand_pkgname_pur_24h': 13, 'huf_deviceid_demand_pkgname_re_12h': 13, 'huf_deviceid_demand_pkgname_re_1h': 13, 'huf_deviceid_demand_pkgname_re_24h': 13, 'huf_deviceid_demand_pkgname_re_3h': 13, 'imptype': 4, 'is_interstitial_ad': 3, 'is_reward_ad': 3, 'language': 329, 'make': 781, 'model': 12699, 'os': 3, 'osv': 180, 'offerid': 41, 'subcategory_id': 67}
