============================================================
IVR SSL CVR 完整实验 v2（含用户对比学习）
============================================================

[1/6] baseline cl_weight=0.1

============================================================
Running baseline with cl_weight=0.1
============================================================

>>> baseline (cw=0.1) AUC: None

[2/6] bt_contrastive cl_weight=0.05

============================================================
Running bt_contrastive with cl_weight=0.05
============================================================

>>> bt_contrastive (cw=0.05) AUC: None

[3/6] bt_contrastive cl_weight=0.1

============================================================
Running bt_contrastive with cl_weight=0.1
============================================================

>>> bt_contrastive (cw=0.1) AUC: None

[4/6] bt_contrastive cl_weight=0.2

============================================================
Running bt_contrastive with cl_weight=0.2
============================================================

>>> bt_contrastive (cw=0.2) AUC: None

[5/6] user_contrastive cl_weight=0.1

============================================================
Running user_contrastive with cl_weight=0.1
============================================================

>>> user_contrastive (cw=0.1) AUC: None

[6/6] augment_contrastive cl_weight=0.1

============================================================
Running augment_contrastive with cl_weight=0.1
============================================================

>>> augment_contrastive (cw=0.1) AUC: None

============================================================
最终结果汇总
============================================================
Model                     cl_weight    AUC       
-----------------------------------------------
baseline                  0.1          N/A       
bt_contrastive            0.05         N/A       
bt_contrastive            0.1          N/A       
bt_contrastive            0.2          N/A       
user_contrastive          0.1          N/A       
augment_contrastive       0.1          N/A       

结果已保存到: /mnt/workspace/open_research/autoresearch/ivr_ssl_cvr/results/all_experiments_v2_20260328_173936.json
